<?xml version="1.0" encoding="UTF-8"?>
<!-- Generated by org.testng.reporters.JUnitReportReporter -->
<testsuite hostname="DESKTOP-ATT6UQO" failures="0" tests="1" name="Verify_Functionality.Stock_Management" time="17.033" errors="0" timestamp="2024-02-07T19:01:59 IST" skipped="0">
  <testcase classname="Verify_Functionality.Stock_Management" name="Add_Stock" time="17.033"/>
</testsuite> <!-- Verify_Functionality.Stock_Management -->
