<?xml version="1.0" encoding="UTF-8"?>
<!-- Generated by org.testng.reporters.JUnitReportReporter -->
<testsuite hostname="DESKTOP-ATT6UQO" failures="0" tests="1" name="Verify_Functionality.User_Login_LogoiutSession" time="82.357" errors="0" timestamp="2024-02-07T19:01:59 IST" skipped="0">
  <testcase classname="Verify_Functionality.User_Login_LogoiutSession" name="Do_Login" time="82.357"/>
</testsuite> <!-- Verify_Functionality.User_Login_LogoiutSession -->
